0 info it worked if it ends with ok
1 verbose cli [ 'C:\\Users\\nappy\\AppData\\Local\\.meteor\\packages\\meteor-tool\\1.3.1\\mt-os.windows.x86_32\\dev_bundle\\bin\\\\node.exe',
1 verbose cli   'C:\\Users\\nappy\\AppData\\Local\\.meteor\\packages\\meteor-tool\\1.3.1\\mt-os.windows.x86_32\\dev_bundle\\lib\\node_modules\\npm\\bin\\npm-cli.js',
1 verbose cli   'run',
1 verbose cli   'eslint' ]
2 info using npm@2.14.22
3 info using node@v0.10.43
4 verbose stack Error: missing script: eslint
4 verbose stack     at run (C:\Users\nappy\AppData\Local\.meteor\packages\meteor-tool\1.3.1\mt-os.windows.x86_32\dev_bundle\lib\node_modules\npm\lib\run-script.js:142:19)
4 verbose stack     at C:\Users\nappy\AppData\Local\.meteor\packages\meteor-tool\1.3.1\mt-os.windows.x86_32\dev_bundle\lib\node_modules\npm\lib\run-script.js:58:5
4 verbose stack     at C:\Users\nappy\AppData\Local\.meteor\packages\meteor-tool\1.3.1\mt-os.windows.x86_32\dev_bundle\lib\node_modules\npm\node_modules\read-package-json\read-json.js:345:5
4 verbose stack     at checkBinReferences_ (C:\Users\nappy\AppData\Local\.meteor\packages\meteor-tool\1.3.1\mt-os.windows.x86_32\dev_bundle\lib\node_modules\npm\node_modules\read-package-json\read-json.js:309:45)
4 verbose stack     at final (C:\Users\nappy\AppData\Local\.meteor\packages\meteor-tool\1.3.1\mt-os.windows.x86_32\dev_bundle\lib\node_modules\npm\node_modules\read-package-json\read-json.js:343:3)
4 verbose stack     at then (C:\Users\nappy\AppData\Local\.meteor\packages\meteor-tool\1.3.1\mt-os.windows.x86_32\dev_bundle\lib\node_modules\npm\node_modules\read-package-json\read-json.js:113:5)
4 verbose stack     at C:\Users\nappy\AppData\Local\.meteor\packages\meteor-tool\1.3.1\mt-os.windows.x86_32\dev_bundle\lib\node_modules\npm\node_modules\read-package-json\read-json.js:300:12
4 verbose stack     at C:\Users\nappy\AppData\Local\.meteor\packages\meteor-tool\1.3.1\mt-os.windows.x86_32\dev_bundle\lib\node_modules\npm\node_modules\graceful-fs\graceful-fs.js:78:16
4 verbose stack     at fs.js:272:14
4 verbose stack     at C:\Users\nappy\AppData\Local\.meteor\packages\meteor-tool\1.3.1\mt-os.windows.x86_32\dev_bundle\lib\node_modules\npm\node_modules\graceful-fs\graceful-fs.js:43:10
5 verbose cwd C:\Users\nappy\Documents\GitHub\projektor
6 error Windows_NT 10.0.10586
7 error argv "C:\\Users\\nappy\\AppData\\Local\\.meteor\\packages\\meteor-tool\\1.3.1\\mt-os.windows.x86_32\\dev_bundle\\bin\\\\node.exe" "C:\\Users\\nappy\\AppData\\Local\\.meteor\\packages\\meteor-tool\\1.3.1\\mt-os.windows.x86_32\\dev_bundle\\lib\\node_modules\\npm\\bin\\npm-cli.js" "run" "eslint"
8 error node v0.10.43
9 error npm  v2.14.22
10 error missing script: eslint
11 error If you need help, you may report this error at:
11 error     <https://github.com/npm/npm/issues>
12 verbose exit [ 1, true ]
